<?xml version="1.0" encoding="UTF-8"?>
<testsuite name="se.yrgo.library.models.BookTest" tests="2" skipped="0" failures="0" errors="0" timestamp="2024-02-01T15:17:59" hostname="LEGIONX" time="0.003">
  <properties/>
  <testcase name="test2NonEqualBooks()" classname="se.yrgo.library.models.BookTest" time="0.002"/>
  <testcase name="test2EqualBooks()" classname="se.yrgo.library.models.BookTest" time="0.0"/>
  <system-out><![CDATA[]]></system-out>
  <system-err><![CDATA[]]></system-err>
</testsuite>
